TN:
SF:src/ejercicio-1-modi.ts
FN:63,(anonymous_0)
FN:65,(anonymous_1)
FN:77,(anonymous_2)
FN:80,(anonymous_3)
FN:89,(anonymous_4)
FN:98,(anonymous_5)
FN:107,(anonymous_6)
FN:116,(anonymous_7)
FN:128,(anonymous_8)
FN:135,(anonymous_9)
FN:153,clientCode
FNF:11
FNH:11
FNDA:5,(anonymous_0)
FNDA:27,(anonymous_1)
FNDA:10,(anonymous_2)
FNDA:5,(anonymous_3)
FNDA:2,(anonymous_4)
FNDA:2,(anonymous_5)
FNDA:2,(anonymous_6)
FNDA:2,(anonymous_7)
FNDA:5,(anonymous_8)
FNDA:5,(anonymous_9)
FNDA:2,clientCode
DA:62,1
DA:63,5
DA:66,27
DA:76,1
DA:77,10
DA:81,5
DA:91,2
DA:100,2
DA:109,2
DA:118,2
DA:127,1
DA:128,5
DA:129,5
DA:136,5
DA:141,1
DA:142,1
DA:154,2
DA:157,1
DA:158,1
DA:160,1
DA:161,1
DA:162,1
DA:163,1
DA:167,1
DA:168,1
LF:25
LH:25
BRDA:77,0,0,5
BRDA:77,1,0,5
BRF:2
BRH:2
end_of_record
