TN:
SF:src/ejercicio-1-modi.ts
FN:32,(anonymous_0)
FN:35,(anonymous_1)
FN:39,(anonymous_2)
FN:43,(anonymous_3)
FN:47,(anonymous_4)
FN:51,(anonymous_5)
FN:55,(anonymous_6)
FN:59,(anonymous_7)
FN:75,(anonymous_8)
FN:78,(anonymous_9)
FN:89,(anonymous_10)
FN:95,(anonymous_11)
FN:108,(anonymous_12)
FN:119,(anonymous_13)
FN:128,(anonymous_14)
FN:148,(anonymous_15)
FN:151,(anonymous_16)
FN:162,(anonymous_17)
FN:168,(anonymous_18)
FN:181,(anonymous_19)
FN:192,(anonymous_20)
FN:205,(anonymous_21)
FNF:22
FNH:18
FNDA:2,(anonymous_0)
FNDA:0,(anonymous_1)
FNDA:0,(anonymous_2)
FNDA:0,(anonymous_3)
FNDA:0,(anonymous_4)
FNDA:1,(anonymous_5)
FNDA:2,(anonymous_6)
FNDA:2,(anonymous_7)
FNDA:2,(anonymous_8)
FNDA:8,(anonymous_9)
FNDA:16,(anonymous_10)
FNDA:2,(anonymous_11)
FNDA:2,(anonymous_12)
FNDA:2,(anonymous_13)
FNDA:2,(anonymous_14)
FNDA:2,(anonymous_15)
FNDA:3,(anonymous_16)
FNDA:10,(anonymous_17)
FNDA:2,(anonymous_18)
FNDA:1,(anonymous_19)
FNDA:1,(anonymous_20)
FNDA:1,(anonymous_21)
DA:31,1
DA:32,2
DA:36,0
DA:40,0
DA:44,0
DA:48,0
DA:52,1
DA:56,2
DA:60,2
DA:74,1
DA:75,2
DA:79,8
DA:80,8
DA:81,8
DA:82,14
DA:83,14
DA:84,14
DA:86,8
DA:90,16
DA:91,16
DA:92,16
DA:97,2
DA:98,2
DA:99,2
DA:100,2
DA:101,2
DA:102,2
DA:103,2
DA:104,2
DA:109,2
DA:110,2
DA:111,2
DA:112,2
DA:113,2
DA:114,2
DA:115,2
DA:116,2
DA:120,2
DA:121,2
DA:122,2
DA:123,2
DA:124,2
DA:125,2
DA:129,2
DA:130,2
DA:131,2
DA:132,2
DA:133,2
DA:134,2
DA:147,1
DA:148,2
DA:152,3
DA:153,3
DA:154,3
DA:155,6
DA:156,6
DA:157,6
DA:159,3
DA:163,10
DA:164,10
DA:165,10
DA:170,2
DA:171,2
DA:172,2
DA:173,2
DA:174,2
DA:175,2
DA:176,2
DA:177,2
DA:182,1
DA:183,1
DA:184,1
DA:185,1
DA:186,1
DA:187,1
DA:188,1
DA:189,1
DA:193,1
DA:194,1
DA:195,1
DA:196,1
DA:197,1
DA:198,1
DA:199,1
DA:200,1
DA:202,1
DA:206,1
DA:207,1
DA:208,1
DA:209,1
DA:210,1
DA:211,1
DA:212,1
DA:213,1
DA:215,1
DA:219,1
DA:220,1
DA:222,1
DA:223,1
DA:224,1
DA:225,1
DA:226,1
DA:228,1
DA:230,1
DA:231,1
LF:105
LH:101
BRF:0
BRH:0
end_of_record
TN:
SF:src/ejercicio-2.ts
FN:35,(anonymous_0)
FN:48,(anonymous_1)
FN:68,(anonymous_2)
FN:86,(anonymous_3)
FNF:4
FNH:4
FNDA:7,(anonymous_0)
FNDA:3,(anonymous_1)
FNDA:3,(anonymous_2)
FNDA:4,(anonymous_3)
DA:7,1
DA:34,1
DA:35,7
DA:47,1
DA:49,3
DA:50,3
DA:67,1
DA:69,3
DA:70,3
DA:85,1
DA:87,4
DA:91,1
DA:92,1
DA:93,1
DA:96,1
DA:97,1
LF:16
LH:16
BRF:0
BRH:0
end_of_record
